<?xml version="1.0" encoding="UTF-8"?>
<testsuites name="Mocha Tests" time="24.9440" tests="1" failures="0">
  <testsuite name="Root Suite" timestamp="2022-08-31T06:42:13" tests="0" file="cypress\e2e\usingEach.cy.js" time="0.0000" failures="0">
  </testsuite>
  <testsuite name="using fixture" timestamp="2022-08-31T06:42:13" tests="1" time="24.9440" failures="0">
    <testcase name="using fixture Add Product then checkout" time="24.9440" classname="Add Product then checkout">
    </testcase>
  </testsuite>
</testsuites>